<?xml version="1.0" encoding="UTF-8"?>
<!-- Generated by org.testng.reporters.JUnitReportReporter -->
<testsuite hostname="Balanathan" failures="0" tests="10" name="testcases.HomePageTest" time="231.391" errors="0" timestamp="2022-04-27T15:21:32 IST" skipped="0">
  <testcase classname="testcases.HomePageTest" name="HomePageImage" time="24.778"/>
  <system-out/>
  <testcase classname="testcases.HomePageTest" name="HomePageSection1" time="21.610"/>
  <system-out/>
  <testcase classname="testcases.HomePageTest" name="HomePageSection2" time="23.079"/>
  <system-out/>
  <testcase classname="testcases.HomePageTest" name="HomePageTab1" time="20.894"/>
  <system-out/>
  <testcase classname="testcases.HomePageTest" name="HomePageTab2" time="21.929"/>
  <system-out/>
  <testcase classname="testcases.HomePageTest" name="HomePageDropdownVerification" time="19.766"/>
  <system-out/>
  <testcase classname="testcases.HomePageTest" name="ProjectNameinTableView" time="24.078"/>
  <system-out/>
  <testcase classname="testcases.HomePageTest" name="SearchByContractorSearchTest" time="27.451"/>
  <system-out/>
  <testcase classname="testcases.HomePageTest" name="SingleContractorView" time="26.825"/>
  <system-out/>
  <testcase classname="testcases.HomePageTest" name="projectselection" time="20.981"/>
  <system-out/>
</testsuite> <!-- testcases.HomePageTest -->
