<?xml version="1.0" encoding="UTF-8"?>
<!-- Generated by org.testng.reporters.JUnitReportReporter -->
<testsuite hostname="Balanathan" failures="0" tests="4" name="testcases.LoginPageTest" time="111.220" errors="0" timestamp="2022-04-27T15:21:32 IST" skipped="0">
  <testcase classname="testcases.LoginPageTest" name="LoginPageTitleTest" time="14.541"/>
  <system-out/>
  <testcase classname="testcases.LoginPageTest" name="LoginPageImageVerification" time="27.813"/>
  <system-out/>
  <testcase classname="testcases.LoginPageTest" name="ForgotPasswordImageVerification" time="24.574"/>
  <system-out/>
  <testcase classname="testcases.LoginPageTest" name="LoginTest" time="44.292"/>
  <system-out/>
</testsuite> <!-- testcases.LoginPageTest -->
